0 info it worked if it ends with ok
1 verbose cli [ '/Users/roilan/.nvm/versions/node/v4.1.1/bin/node',
1 verbose cli   '/usr/local/bin/npm',
1 verbose cli   'run',
1 verbose cli   'lint' ]
2 info using npm@2.15.6
3 info using node@v4.1.1
4 verbose run-script [ 'prelint', 'lint', 'postlint' ]
5 info prelint react-server-boilerplate@0.0.1
6 info lint react-server-boilerplate@0.0.1
7 verbose unsafe-perm in lifecycle true
8 info react-server-boilerplate@0.0.1 Failed to exec lint script
9 verbose stack Error: react-server-boilerplate@0.0.1 lint: `functionhappy | snazzy`
9 verbose stack Exit status 255
9 verbose stack     at EventEmitter.<anonymous> (/usr/local/lib/node_modules/npm/lib/utils/lifecycle.js:217:16)
9 verbose stack     at emitTwo (events.js:87:13)
9 verbose stack     at EventEmitter.emit (events.js:172:7)
9 verbose stack     at ChildProcess.<anonymous> (/usr/local/lib/node_modules/npm/lib/utils/spawn.js:24:14)
9 verbose stack     at emitTwo (events.js:87:13)
9 verbose stack     at ChildProcess.emit (events.js:172:7)
9 verbose stack     at maybeClose (internal/child_process.js:817:16)
9 verbose stack     at Process.ChildProcess._handle.onexit (internal/child_process.js:211:5)
10 verbose pkgid react-server-boilerplate@0.0.1
11 verbose cwd /Users/roilan/WebDev/react-server-boilerplate
12 error Darwin 15.3.0
13 error argv "/Users/roilan/.nvm/versions/node/v4.1.1/bin/node" "/usr/local/bin/npm" "run" "lint"
14 error node v4.1.1
15 error npm  v2.15.6
16 error code ELIFECYCLE
17 error react-server-boilerplate@0.0.1 lint: `functionhappy | snazzy`
17 error Exit status 255
18 error Failed at the react-server-boilerplate@0.0.1 lint script 'functionhappy | snazzy'.
18 error This is most likely a problem with the react-server-boilerplate package,
18 error not with npm itself.
18 error Tell the author that this fails on your system:
18 error     functionhappy | snazzy
18 error You can get information on how to open an issue for this project with:
18 error     npm bugs react-server-boilerplate
18 error Or if that isn't available, you can get their info via:
18 error
18 error     npm owner ls react-server-boilerplate
18 error There is likely additional logging output above.
19 verbose exit [ 1, true ]
